SF:lib\core\error\failure.dart
DA:6,11
DA:10,1
DA:11,2
DA:15,0
DA:22,11
DA:29,0
LF:6
LH:4
end_of_record
SF:lib\features\auth\domain\use_case\login_usecase.dart
DA:12,1
DA:18,0
DA:22,0
DA:23,0
DA:30,1
DA:32,1
DA:34,6
DA:35,1
DA:36,2
DA:37,1
DA:38,2
DA:39,4
DA:40,1
DA:42,1
LF:14
LH:11
end_of_record
SF:lib\app\shared_prefs\token_shared_prefs.dart
DA:8,0
DA:10,0
DA:12,0
DA:13,0
DA:15,0
DA:19,0
DA:21,0
DA:22,0
DA:24,0
LF:9
LH:0
end_of_record
SF:lib\app\constants\api_endpoints.dart
DA:2,0
LF:1
LH:0
end_of_record
SF:lib\app\constants\hive_table_constant.dart
DA:2,0
LF:1
LH:0
end_of_record
SF:lib\app\di\di.dart
DA:20,0
DA:22,0
DA:23,0
DA:24,0
DA:25,0
DA:26,0
DA:27,0
DA:28,0
DA:29,0
DA:30,0
DA:33,0
DA:34,0
DA:35,0
DA:38,0
DA:40,0
DA:43,0
DA:44,0
DA:47,0
DA:48,0
DA:49,0
DA:55,0
DA:58,0
DA:59,0
DA:62,0
DA:63,0
DA:67,0
DA:68,0
DA:70,0
DA:71,0
DA:75,0
DA:76,0
DA:77,0
DA:81,0
DA:82,0
DA:83,0
DA:87,0
DA:88,0
DA:89,0
DA:90,0
DA:97,0
DA:98,0
DA:99,0
DA:104,0
DA:106,0
DA:107,0
DA:111,0
DA:112,0
DA:114,0
DA:115,0
DA:116,0
DA:117,0
DA:118,0
DA:123,0
DA:124,0
DA:125,0
LF:55
LH:0
end_of_record
SF:lib\core\network\api_service.dart
DA:9,0
DA:11,0
DA:12,0
DA:13,0
DA:14,0
DA:15,0
DA:16,0
DA:17,0
DA:19,0
LF:9
LH:0
end_of_record
SF:lib\core\network\hive_service.dart
DA:7,0
DA:8,0
DA:9,0
DA:11,0
DA:14,0
DA:19,0
DA:20,0
DA:21,0
DA:24,0
DA:25,0
DA:26,0
DA:29,0
DA:30,0
DA:31,0
DA:35,0
DA:43,0
DA:44,0
DA:45,0
DA:46,0
DA:50,0
DA:51,0
DA:57,0
DA:58,0
DA:61,0
DA:62,0
LF:25
LH:0
end_of_record
SF:lib\features\auth\data\data_source\local_datasource\auth_local_datasource.dart
DA:11,0
DA:13,0
DA:15,0
DA:24,0
DA:27,0
DA:28,0
DA:30,0
DA:34,0
DA:38,0
DA:40,0
DA:41,0
DA:43,0
DA:47,0
DA:49,0
LF:14
LH:0
end_of_record
SF:lib\features\auth\data\data_source\remote_datasource\auth_remote_datasource.dart
DA:12,0
DA:14,0
DA:17,0
DA:18,0
DA:20,0
DA:23,0
DA:24,0
DA:26,0
DA:28,0
DA:29,0
DA:31,0
DA:35,0
DA:37,0
DA:40,0
DA:43,0
DA:48,0
DA:49,0
DA:52,0
DA:54,0
DA:55,0
DA:57,0
DA:61,0
DA:64,0
DA:65,0
DA:66,0
DA:68,0
DA:71,0
DA:75,0
DA:76,0
DA:78,0
DA:80,0
DA:81,0
DA:83,0
LF:33
LH:0
end_of_record
SF:lib\features\auth\data\repository\auth_local_repository\auth_local_repository.dart
DA:12,0
DA:14,0
DA:17,0
DA:18,0
DA:20,0
DA:24,0
DA:27,0
DA:29,0
DA:33,0
DA:36,0
DA:39,0
DA:43,0
DA:44,0
DA:46,0
LF:14
LH:0
end_of_record
SF:lib\features\auth\data\repository\auth_remote_repository.dart\auth_remote_repository.dart
DA:12,0
DA:14,0
DA:17,0
DA:18,0
DA:20,0
DA:24,0
DA:26,0
DA:29,0
DA:33,0
DA:34,0
DA:36,0
DA:40,0
DA:43,0
DA:44,0
DA:46,0
LF:15
LH:0
end_of_record
SF:lib\features\auth\domain\use_case\register_user_usecase.dart
DA:15,1
DA:24,0
DA:32,0
DA:33,0
DA:39,1
DA:41,1
DA:43,1
DA:44,1
DA:45,1
DA:46,1
DA:47,1
DA:48,1
DA:50,2
LF:13
LH:10
end_of_record
SF:lib\features\auth\domain\use_case\upload_image_usecase.dart
DA:11,0
DA:19,0
DA:21,0
DA:23,0
LF:4
LH:0
end_of_record
SF:lib\features\auth\presentation\view_model\login\login_state.dart
DA:7,0
DA:12,0
DA:16,0
DA:20,0
DA:21,0
DA:22,0
LF:6
LH:0
end_of_record
SF:lib\features\auth\presentation\view_model\login\login_event.dart
DA:4,0
DA:6,0
DA:7,0
DA:14,0
DA:24,0
DA:35,0
LF:6
LH:0
end_of_record
SF:lib\features\auth\presentation\view_model\login\login_bloc.dart
DA:18,0
DA:25,0
DA:26,0
DA:27,0
DA:28,0
DA:29,0
DA:30,0
DA:31,0
DA:32,0
DA:38,0
DA:39,0
DA:40,0
DA:41,0
DA:42,0
DA:43,0
DA:44,0
DA:50,0
DA:51,0
DA:52,0
DA:53,0
DA:54,0
DA:55,0
DA:56,0
DA:59,0
DA:60,0
DA:61,0
DA:62,0
DA:63,0
DA:68,0
DA:69,0
DA:70,0
DA:71,0
DA:76,0
DA:77,0
DA:78,0
LF:35
LH:0
end_of_record
SF:lib\features\auth\presentation\view_model\signup\register_event.dart
DA:4,0
DA:6,0
DA:7,0
DA:14,0
DA:28,0
DA:40,0
LF:6
LH:0
end_of_record
SF:lib\features\auth\presentation\view_model\signup\register_state.dart
DA:8,0
DA:14,0
DA:19,0
DA:24,0
DA:25,0
DA:26,0
DA:27,0
LF:7
LH:0
end_of_record
SF:lib\features\auth\presentation\view_model\signup\register_bloc.dart
DA:17,0
DA:22,0
DA:23,0
DA:24,0
DA:27,0
DA:29,0
DA:30,0
DA:31,0
DA:32,0
DA:33,0
DA:34,0
DA:35,0
DA:36,0
DA:40,0
DA:46,0
DA:47,0
DA:48,0
DA:49,0
DA:53,0
DA:54,0
DA:55,0
DA:56,0
DA:63,0
DA:67,0
DA:68,0
DA:69,0
DA:71,0
DA:72,0
DA:73,0
LF:29
LH:0
end_of_record
SF:lib\features\home\presentation\view_model\home_cubit.dart
DA:5,0
DA:7,0
DA:8,0
LF:3
LH:0
end_of_record
SF:lib\features\splash\presentation\view_model\on_boarding\on_boarding_cubit.dart
DA:7,0
DA:8,0
DA:10,0
DA:11,0
DA:12,0
DA:16,0
DA:17,0
DA:22,0
DA:23,0
DA:25,0
DA:26,0
DA:27,0
LF:12
LH:0
end_of_record
SF:lib\features\splash\presentation\view_model\splash_cubit.dart
DA:8,0
DA:12,0
DA:13,0
DA:16,0
DA:17,0
DA:19,0
DA:20,0
DA:21,0
LF:8
LH:0
end_of_record
SF:lib\core\common\snackbar\my_snackbar.dart
DA:2,0
DA:7,0
DA:9,0
DA:13,0
DA:14,0
LF:5
LH:0
end_of_record
SF:lib\core\network\dio_error_interceptor.dart
DA:4,0
DA:6,0
DA:8,0
DA:9,0
DA:10,0
DA:11,0
DA:12,0
DA:13,0
DA:16,0
DA:17,0
DA:18,0
DA:20,0
DA:25,0
DA:26,0
DA:28,0
DA:31,0
LF:16
LH:0
end_of_record
SF:lib\features\auth\data\model\auth_hive_model.dart
DA:24,0
DA:29,0
DA:32,0
DA:39,0
DA:40,0
DA:41,0
DA:42,0
DA:43,0
DA:44,0
DA:48,0
DA:49,0
DA:50,0
DA:51,0
DA:54,0
DA:59,0
DA:61,0
DA:62,0
DA:65,0
DA:66,0
LF:19
LH:0
end_of_record
SF:lib\features\auth\data\model\auth_hive_model.g.dart
DA:13,0
DA:15,0
DA:16,0
DA:17,0
DA:19,0
DA:20,0
DA:21,0
DA:22,0
DA:23,0
DA:27,0
DA:30,0
DA:31,0
DA:32,0
DA:33,0
DA:34,0
DA:35,0
DA:36,0
DA:37,0
DA:38,0
DA:41,0
DA:42,0
DA:44,0
DA:47,0
DA:48,0
DA:49,0
LF:25
LH:0
end_of_record
SF:lib\features\auth\domain\entity\auth_entity
DA:11,13
DA:20,1
DA:21,1
DA:22,4
DA:23,2
LF:5
LH:5
end_of_record
SF:lib\features\auth\data\model\auth_api_model.dart
DA:18,0
DA:27,0
DA:28,0
DA:30,0
DA:33,0
DA:34,0
DA:35,0
DA:36,0
DA:37,0
DA:38,0
DA:39,0
DA:43,0
DA:44,0
DA:45,0
DA:46,0
DA:47,0
DA:48,0
DA:49,0
DA:52,0
DA:54,0
LF:20
LH:0
end_of_record
SF:lib\features\auth\data\model\auth_api_model.g.dart
DA:9,0
DA:10,0
DA:11,0
DA:12,0
DA:13,0
DA:14,0
DA:15,0
DA:18,0
DA:19,0
DA:20,0
DA:21,0
DA:22,0
DA:23,0
DA:24,0
DA:25,0
LF:15
LH:0
end_of_record
SF:lib\features\auth\presentation\view\login_view.dart
DA:8,49
DA:10,1
DA:11,1
DA:25,1
DA:27,2
DA:28,2
DA:29,2
DA:30,2
DA:31,1
DA:34,1
DA:35,1
DA:41,1
DA:42,1
DA:44,2
DA:50,1
DA:52,1
DA:54,1
DA:58,1
DA:64,1
DA:65,1
DA:67,1
DA:68,1
DA:69,1
DA:71,1
DA:105,1
DA:106,1
DA:107,1
DA:108,1
DA:109,1
DA:113,1
DA:114,1
DA:118,1
DA:120,1
DA:130,1
DA:131,1
DA:132,1
DA:133,1
DA:134,1
DA:135,1
DA:139,1
DA:140,1
DA:144,1
DA:145,1
DA:146,1
DA:149,0
DA:150,0
DA:151,0
DA:156,1
DA:159,1
DA:160,1
DA:162,1
DA:163,1
DA:164,1
DA:165,1
DA:166,1
DA:167,0
DA:168,0
DA:169,0
DA:182,1
DA:183,0
DA:184,0
DA:214,1
DA:217,1
DA:218,1
DA:219,3
DA:220,0
DA:221,0
DA:223,0
DA:224,0
DA:234,1
DA:235,1
DA:236,1
DA:237,1
DA:255,1
DA:257,1
DA:265,1
DA:267,0
DA:268,0
DA:269,0
LF:79
LH:64
end_of_record
SF:lib\features\auth\presentation\view\sign_up_view.dart
DA:11,12
DA:13,0
DA:14,0
DA:26,0
DA:27,0
DA:28,0
DA:29,0
DA:34,0
DA:36,0
DA:38,0
DA:39,0
DA:41,0
DA:42,0
DA:49,0
DA:53,0
DA:55,0
DA:56,0
DA:57,0
DA:58,0
DA:59,0
DA:62,0
DA:63,0
DA:69,0
DA:70,0
DA:72,0
DA:78,0
DA:79,0
DA:81,0
DA:87,0
DA:88,0
DA:90,0
DA:96,0
DA:98,0
DA:100,0
DA:105,0
DA:117,0
DA:118,0
DA:119,0
DA:120,0
DA:122,0
DA:148,0
DA:149,0
DA:150,0
DA:151,0
DA:159,0
DA:161,0
DA:163,0
DA:164,0
DA:165,0
DA:166,0
DA:167,0
DA:168,0
DA:173,0
DA:174,0
DA:175,0
DA:176,0
DA:177,0
DA:187,0
DA:188,0
DA:191,0
DA:193,0
DA:194,0
DA:201,0
DA:203,0
DA:205,0
DA:207,0
DA:209,0
DA:211,0
DA:213,0
DA:215,0
DA:217,0
DA:219,0
DA:221,0
DA:223,0
DA:224,0
DA:225,0
DA:226,0
DA:227,0
DA:232,0
DA:233,0
DA:234,0
DA:239,0
DA:242,0
DA:245,0
DA:246,0
DA:247,0
DA:249,0
DA:250,0
DA:251,0
DA:252,0
DA:254,0
DA:255,0
DA:256,0
DA:257,0
DA:263,0
DA:264,0
DA:265,0
DA:266,0
DA:282,0
DA:284,0
DA:294,0
DA:295,0
DA:296,0
DA:298,0
DA:299,0
DA:322,0
DA:330,0
DA:332,0
DA:335,0
DA:341,0
DA:342,0
LF:111
LH:1
end_of_record
SF:lib\features\dashboard\presentation\view\movie_view.dart
DA:4,12
DA:6,0
DA:7,0
DA:39,0
DA:41,0
DA:42,0
DA:43,0
DA:44,0
DA:45,0
DA:52,0
DA:53,0
DA:55,0
DA:57,0
DA:58,0
DA:59,0
DA:61,0
DA:62,0
DA:63,0
DA:66,0
DA:67,0
DA:68,0
DA:69,0
DA:76,0
DA:77,0
DA:90,0
DA:91,0
DA:93,0
DA:94,0
DA:96,0
DA:101,0
DA:106,0
DA:108,0
DA:109,0
DA:111,0
DA:113,0
DA:115,0
DA:116,0
DA:117,0
DA:118,0
DA:119,0
DA:121,0
DA:124,0
DA:125,0
DA:126,0
DA:130,0
DA:138,0
DA:139,0
DA:140,0
DA:141,0
DA:142,0
DA:146,0
DA:148,0
DA:149,0
DA:150,0
DA:153,0
DA:154,0
DA:155,0
DA:157,0
DA:159,0
DA:167,0
DA:170,0
DA:171,0
LF:62
LH:1
end_of_record
SF:lib\features\home\presentation\view_model\home_state.dart
DA:12,0
DA:18,0
DA:19,0
DA:21,0
DA:33,0
DA:34,0
DA:44,0
DA:48,0
DA:49,0
DA:50,0
DA:54,0
DA:55,0
LF:12
LH:0
end_of_record
SF:lib\features\dashboard\domain\entity\movie_entity.dart
DA:19,6
DA:36,6
DA:52,2
DA:53,2
DA:54,2
DA:55,2
DA:56,2
DA:57,2
DA:58,2
DA:59,2
DA:60,2
DA:61,2
DA:62,2
DA:63,2
DA:64,2
DA:65,2
DA:66,2
DA:67,2
LF:18
LH:18
end_of_record
SF:lib\features\dashboard\domain\use_case\get_all_movies_usecase.dart
DA:10,1
DA:12,1
DA:14,2
LF:3
LH:3
end_of_record
SF:lib\features\dashboard\domain\use_case\get_movie_details_usecase.dart
DA:9,1
DA:11,1
DA:12,2
LF:3
LH:3
end_of_record
SF:lib\features\dashboard\presentation\view_model\movie_event.dart
DA:4,1
DA:6,0
DA:7,0
DA:15,1
DA:17,0
DA:18,0
LF:6
LH:2
end_of_record
SF:lib\features\dashboard\presentation\view_model\movie_bloc.dart
DA:14,1
DA:19,2
DA:20,2
DA:21,2
DA:24,1
DA:25,3
DA:27,2
DA:29,1
DA:30,1
DA:31,4
DA:32,4
DA:36,1
DA:38,3
DA:40,1
DA:41,2
DA:43,1
DA:44,1
DA:45,4
DA:46,4
LF:19
LH:19
end_of_record
SF:lib\features\dashboard\presentation\view_model\movie_state.dart
DA:8,2
DA:14,1
DA:22,1
DA:27,1
DA:28,1
DA:29,0
DA:34,1
DA:35,4
LF:8
LH:7
end_of_record
SF:lib\features\hall\domain\entity\hall_entity.dart
DA:13,5
DA:22,13
DA:30,2
DA:31,14
LF:4
LH:4
end_of_record
SF:lib\features\hall\domain\usecase\get_all_hall_usecase.dart
DA:10,1
DA:12,1
DA:14,2
LF:3
LH:3
end_of_record
SF:lib\features\seat\domain\entity\seat_entity.dart
DA:14,2
DA:25,0
DA:34,1
DA:35,1
DA:36,1
DA:37,1
DA:38,1
DA:39,1
DA:40,1
DA:41,1
DA:42,1
LF:11
LH:10
end_of_record
SF:lib\features\show\domain\entity\show_entity.dart
DA:13,3
DA:23,7
DA:31,2
DA:32,12
LF:4
LH:4
end_of_record
SF:lib\features\hall\presentation\view-model\hall_bloc.dart
DA:13,1
DA:16,2
DA:17,2
DA:20,1
DA:21,3
DA:23,2
DA:25,1
DA:26,1
DA:27,4
DA:28,4
LF:10
LH:10
end_of_record
SF:lib\features\hall\presentation\view-model\hall_event.dart
DA:5,1
DA:7,0
DA:8,0
LF:3
LH:1
end_of_record
SF:lib\features\hall\presentation\view-model\hall_state.dart
DA:8,1
DA:14,1
DA:15,1
DA:16,1
DA:21,1
DA:26,1
DA:27,1
DA:28,0
DA:33,1
DA:34,4
LF:10
LH:9
end_of_record
SF:lib\features\seat\domain\usecase\get_all_seat_usecase.dart
DA:10,1
DA:12,1
DA:14,2
LF:3
LH:3
end_of_record
SF:lib\features\seat\presentation\view-model\seat_bloc.dart
DA:13,1
DA:16,2
DA:17,2
DA:20,1
DA:21,3
DA:23,2
DA:25,1
DA:26,1
DA:27,4
DA:28,4
LF:10
LH:10
end_of_record
SF:lib\features\seat\presentation\view-model\seat_state.dart
DA:8,1
DA:14,1
DA:15,1
DA:16,1
DA:21,1
DA:26,1
DA:27,1
DA:28,0
DA:33,1
DA:34,4
LF:10
LH:9
end_of_record
SF:lib\features\seat\presentation\view-model\seat_event.dart
DA:5,1
DA:7,0
DA:8,0
LF:3
LH:1
end_of_record
SF:lib\features\show\domain\usecase\get_all_show.dart
DA:10,1
DA:12,1
DA:14,2
LF:3
LH:3
end_of_record
SF:lib\features\show\presentation\view-model\show_bloc.dart
DA:13,1
DA:16,2
DA:17,2
DA:20,1
DA:21,3
DA:23,2
DA:25,1
DA:26,1
DA:27,4
DA:28,1
DA:29,3
LF:11
LH:11
end_of_record
SF:lib\features\show\presentation\view-model\show_event.dart
DA:4,1
DA:6,0
DA:7,0
LF:3
LH:1
end_of_record
SF:lib\features\show\presentation\view-model\show_state.dart
DA:8,1
DA:14,1
DA:15,1
DA:16,1
DA:21,1
DA:26,1
DA:27,1
DA:28,0
DA:33,1
DA:34,4
LF:10
LH:9
end_of_record
